<?xml version="1.0" encoding="UTF-8"?>
<!-- Generated by org.testng.reporters.JUnitReportReporter -->
<testsuite hostname="LAPTOP-ODIK6SBS" failures="0" tests="1" name="tests.DashBoardTest" time="3.980" errors="0" timestamp="30 Oct 2023 13:43:40 GMT" skipped="0">
  <testcase classname="tests.DashBoardTest" name="adminTest" time="3.980"/>
</testsuite> <!-- tests.DashBoardTest -->
