<?xml version="1.0" encoding="UTF-8"?>
<!-- Generated by org.testng.reporters.JUnitReportReporter -->
<testsuite hostname="LAPTOP-ODIK6SBS" failures="0" tests="1" name="tests.DashBoardTest" time="4.645" errors="0" timestamp="30 Oct 2023 14:50:27 GMT" skipped="0">
  <testcase classname="tests.DashBoardTest" name="adminTest" time="4.645"/>
</testsuite> <!-- tests.DashBoardTest -->
