<?xml version="1.0" encoding="UTF-8"?>
<!-- Generated by org.testng.reporters.JUnitReportReporter -->
<testsuite hostname="LAPTOP-ODIK6SBS" failures="0" tests="1" name="tests.LoginTest" time="4.359" errors="0" timestamp="22 Oct 2023 08:38:24 GMT" skipped="0">
  <testcase classname="tests.LoginTest" name="loginTest" time="4.359"/>
</testsuite> <!-- tests.LoginTest -->
