<?xml version="1.0" encoding="UTF-8"?>
<!-- Generated by org.testng.reporters.JUnitReportReporter -->
<testsuite hostname="LAPTOP-ODIK6SBS" failures="0" tests="1" name="tests.LoginTest" time="0.507" errors="0" timestamp="25 Oct 2023 15:40:00 GMT" skipped="0">
  <testcase classname="tests.LoginTest" name="loginTest" time="0.507"/>
</testsuite> <!-- tests.LoginTest -->
