<?xml version="1.0" encoding="UTF-8"?>
<!-- Generated by org.testng.reporters.JUnitReportReporter -->
<testsuite hostname="LAPTOP-ODIK6SBS" failures="0" tests="1" name="tests.adminTest" time="26.714" errors="0" timestamp="30 Oct 2023 14:50:27 GMT" skipped="0">
  <testcase classname="tests.adminTest" name="adminInnerTest" time="26.714"/>
</testsuite> <!-- tests.adminTest -->
